# JRE version: OpenJDK Runtime Environment Microsoft-8035246 (17.0.8+7) (build 17.0.8+7-LTS)
# Java VM: OpenJDK 64-Bit Server VM Microsoft-8035246 (17.0.8+7-LTS, mixed mode, sharing, tiered, compressed oops, compressed class ptrs, g1 gc, windows-amd64)
GC Precious Log:
 CPUs: 12 total, 12 available
 Memory: 7913M
 Large Page Support: Disabled
 NUMA Support: Disabled
 Compressed Oops: Enabled (32-bit)
 Heap Region Size: 1M
 Heap Min Capacity: 8M
 Heap Initial Capacity: 124M
 Heap Max Capacity: 2G
 Pre-touch: Disabled
 Parallel Workers: 10
 Concurrent Workers: 3
 Concurrent Refinement Workers: 10
 Periodic GC: Disabled
Heap:
 garbage-first heap   total 116736K, used 86548K [0x0000000080000000, 0x0000000100000000)
  region size 1024K, 27 young (27648K), 4 survivors (4096K)
 Metaspace       used 68437K, committed 69056K, reserved 491520K
  class space    used 9572K, committed 9856K, reserved 425984K
GC Heap History (20 events):
Event: 7.632 GC heap before
{Heap before GC invocations=8 (full 0):
 garbage-first heap   total 103424K, used 46019K [0x0000000080000000, 0x0000000100000000)
  region size 1024K, 16 young (16384K), 3 survivors (3072K)
 Metaspace       used 35511K, committed 35968K, reserved 491520K
  class space    used 4840K, committed 5056K, reserved 425984K
}
Event: 7.635 GC heap after
{Heap after GC invocations=9 (full 0):
 garbage-first heap   total 103424K, used 33899K [0x0000000080000000, 0x0000000100000000)
  region size 1024K, 4 young (4096K), 4 survivors (4096K)
 Metaspace       used 35511K, committed 35968K, reserved 491520K
  class space    used 4840K, committed 5056K, reserved 425984K
}
Event: 8.567 GC heap before
{Heap before GC invocations=10 (full 0):
 garbage-first heap   total 103424K, used 78955K [0x0000000080000000, 0x0000000100000000)
  region size 1024K, 49 young (50176K), 4 survivors (4096K)
 Metaspace       used 40843K, committed 41344K, reserved 491520K
  class space    used 5664K, committed 5888K, reserved 425984K
}
Event: 8.571 GC heap after
{Heap after GC invocations=11 (full 0):
 garbage-first heap   total 103424K, used 34722K [0x0000000080000000, 0x0000000100000000)
  region size 1024K, 5 young (5120K), 5 survivors (5120K)
 Metaspace       used 40843K, committed 41344K, reserved 491520K
  class space    used 5664K, committed 5888K, reserved 425984K
}
Event: 10.724 GC heap before
{Heap before GC invocations=11 (full 0):
 garbage-first heap   total 103424K, used 80802K [0x0000000080000000, 0x0000000100000000)
  region size 1024K, 50 young (51200K), 5 survivors (5120K)
 Metaspace       used 48915K, committed 49472K, reserved 491520K
  class space    used 6736K, committed 6976K, reserved 425984K
}
Event: 10.730 GC heap after
{Heap after GC invocations=12 (full 0):
 garbage-first heap   total 103424K, used 39196K [0x0000000080000000, 0x0000000100000000)
  region size 1024K, 7 young (7168K), 7 survivors (7168K)
 Metaspace       used 48915K, committed 49472K, reserved 491520K
  class space    used 6736K, committed 6976K, reserved 425984K
}
Event: 12.445 GC heap before
{Heap before GC invocations=12 (full 0):
 garbage-first heap   total 103424K, used 88348K [0x0000000080000000, 0x0000000100000000)
  region size 1024K, 48 young (49152K), 7 survivors (7168K)
 Metaspace       used 52919K, committed 53568K, reserved 491520K
  class space    used 7345K, committed 7616K, reserved 425984K
}
Event: 12.453 GC heap after
{Heap after GC invocations=13 (full 0):
 garbage-first heap   total 103424K, used 51475K [0x0000000080000000, 0x0000000100000000)
  region size 1024K, 5 young (5120K), 5 survivors (5120K)
 Metaspace       used 52919K, committed 53568K, reserved 491520K
  class space    used 7345K, committed 7616K, reserved 425984K
}
Event: 12.936 GC heap before
{Heap before GC invocations=13 (full 0):
 garbage-first heap   total 103424K, used 82195K [0x0000000080000000, 0x0000000100000000)
  region size 1024K, 35 young (35840K), 5 survivors (5120K)
 Metaspace       used 56356K, committed 56960K, reserved 491520K
  class space    used 7809K, committed 8064K, reserved 425984K
}
Event: 12.941 GC heap after
{Heap after GC invocations=14 (full 0):
 garbage-first heap   total 103424K, used 53495K [0x0000000080000000, 0x0000000100000000)
  region size 1024K, 2 young (2048K), 2 survivors (2048K)
 Metaspace       used 56356K, committed 56960K, reserved 491520K
  class space    used 7809K, committed 8064K, reserved 425984K
}
Event: 13.287 GC heap before
{Heap before GC invocations=15 (full 0):
 garbage-first heap   total 103424K, used 72951K [0x0000000080000000, 0x0000000100000000)
  region size 1024K, 22 young (22528K), 2 survivors (2048K)
 Metaspace       used 58233K, committed 58816K, reserved 491520K
  class space    used 8128K, committed 8384K, reserved 425984K
}
Event: 13.291 GC heap after
{Heap after GC invocations=16 (full 0):
 garbage-first heap   total 103424K, used 54297K [0x0000000080000000, 0x0000000100000000)
  region size 1024K, 3 young (3072K), 3 survivors (3072K)
 Metaspace       used 58233K, committed 58816K, reserved 491520K
  class space    used 8128K, committed 8384K, reserved 425984K
}
Event: 13.759 GC heap before
{Heap before GC invocations=17 (full 0):
 garbage-first heap   total 104448K, used 88089K [0x0000000080000000, 0x0000000100000000)
  region size 1024K, 32 young (32768K), 3 survivors (3072K)
 Metaspace       used 60363K, committed 60992K, reserved 491520K
  class space    used 8399K, committed 8704K, reserved 425984K
}
Event: 13.763 GC heap after
{Heap after GC invocations=18 (full 0):
 garbage-first heap   total 104448K, used 59601K [0x0000000080000000, 0x0000000100000000)
  region size 1024K, 3 young (3072K), 3 survivors (3072K)
 Metaspace       used 60363K, committed 60992K, reserved 491520K
  class space    used 8399K, committed 8704K, reserved 425984K
}
Event: 14.083 GC heap before
{Heap before GC invocations=18 (full 0):
 garbage-first heap   total 104448K, used 86225K [0x0000000080000000, 0x0000000100000000)
  region size 1024K, 29 young (29696K), 3 survivors (3072K)
 Metaspace       used 63109K, committed 63744K, reserved 491520K
  class space    used 8790K, committed 9088K, reserved 425984K
}
Event: 14.087 GC heap after
{Heap after GC invocations=19 (full 0):
 garbage-first heap   total 104448K, used 60574K [0x0000000080000000, 0x0000000100000000)
  region size 1024K, 4 young (4096K), 4 survivors (4096K)
 Metaspace       used 63109K, committed 63744K, reserved 491520K
  class space    used 8790K, committed 9088K, reserved 425984K
}
Event: 14.425 GC heap before
{Heap before GC invocations=20 (full 0):
 garbage-first heap   total 107520K, used 85150K [0x0000000080000000, 0x0000000100000000)
  region size 1024K, 29 young (29696K), 4 survivors (4096K)
 Metaspace       used 65059K, committed 65728K, reserved 491520K
  class space    used 9039K, committed 9344K, reserved 425984K
}
Event: 14.429 GC heap after
{Heap after GC invocations=21 (full 0):
 garbage-first heap   total 107520K, used 62014K [0x0000000080000000, 0x0000000100000000)
  region size 1024K, 3 young (3072K), 3 survivors (3072K)
 Metaspace       used 65059K, committed 65728K, reserved 491520K
  class space    used 9039K, committed 9344K, reserved 425984K
}
Event: 14.825 GC heap before
{Heap before GC invocations=21 (full 0):
 garbage-first heap   total 107520K, used 88638K [0x0000000080000000, 0x0000000100000000)
  region size 1024K, 30 young (30720K), 3 survivors (3072K)
 Metaspace       used 66816K, committed 67456K, reserved 491520K
  class space    used 9308K, committed 9600K, reserved 425984K
}
Event: 14.832 GC heap after
{Heap after GC invocations=22 (full 0):
 garbage-first heap   total 107520K, used 64020K [0x0000000080000000, 0x0000000100000000)
  region size 1024K, 4 young (4096K), 4 survivors (4096K)
 Metaspace       used 66816K, committed 67456K, reserved 491520K
  class space    used 9308K, committed 9600K, reserved 425984K
}

